<?xml version="1.0" encoding="UTF-8"?>
<!-- Generated by org.testng.reporters.JUnitReportReporter -->
<testsuite hostname="LAPTOP-5DJ7DB0E" failures="0" tests="1" name="apptest.apptest.Rcmp_update" time="4.371" errors="0" timestamp="2021-04-21T18:13:00 KST" skipped="0">
  <testcase classname="apptest.apptest.Rcmp_update" name="NoUpdate" time="4.371"/>
  <system-out/>
</testsuite> <!-- apptest.apptest.Rcmp_update -->
